2025-01-07T22:55:45.532+01:00  INFO 27848 --- [main] com.library.demo.LibraryApplication      : Starting LibraryApplication using Java 18.0.2 with PID 27848 (D:\Lavoro\library\target\classes started by nick in D:\Lavoro\library)
2025-01-07T22:55:45.535+01:00  INFO 27848 --- [main] com.library.demo.LibraryApplication      : No active profile set, falling back to 1 default profile: "default"
2025-01-07T22:55:45.979+01:00  INFO 27848 --- [main] .s.d.r.c.RepositoryConfigurationDelegate : Bootstrapping Spring Data JPA repositories in DEFAULT mode.
2025-01-07T22:55:46.010+01:00  INFO 27848 --- [main] .s.d.r.c.RepositoryConfigurationDelegate : Finished Spring Data repository scanning in 28 ms. Found 5 JPA repository interfaces.
2025-01-07T22:55:46.356+01:00  INFO 27848 --- [main] o.s.b.w.embedded.tomcat.TomcatWebServer  : Tomcat initialized with port 8081 (http)
2025-01-07T22:55:46.361+01:00  INFO 27848 --- [main] o.apache.catalina.core.StandardService   : Starting service [Tomcat]
2025-01-07T22:55:46.361+01:00  INFO 27848 --- [main] o.apache.catalina.core.StandardEngine    : Starting Servlet engine: [Apache Tomcat/10.1.18]
2025-01-07T22:55:46.397+01:00  INFO 27848 --- [main] o.a.c.c.C.[Tomcat].[localhost].[/api]    : Initializing Spring embedded WebApplicationContext
2025-01-07T22:55:46.397+01:00  INFO 27848 --- [main] w.s.c.ServletWebServerApplicationContext : Root WebApplicationContext: initialization completed in 841 ms
2025-01-07T22:55:46.502+01:00  INFO 27848 --- [main] o.hibernate.jpa.internal.util.LogHelper  : HHH000204: Processing PersistenceUnitInfo [name: default]
2025-01-07T22:55:46.523+01:00  INFO 27848 --- [main] org.hibernate.Version                    : HHH000412: Hibernate ORM core version 6.4.1.Final
2025-01-07T22:55:46.537+01:00  INFO 27848 --- [main] o.h.c.internal.RegionFactoryInitiator    : HHH000026: Second-level cache disabled
2025-01-07T22:55:46.633+01:00  INFO 27848 --- [main] o.s.o.j.p.SpringPersistenceUnitInfo      : No LoadTimeWeaver setup: ignoring JPA class transformer
2025-01-07T22:55:46.645+01:00  INFO 27848 --- [main] com.zaxxer.hikari.HikariDataSource       : HikariPool-1 - Starting...
2025-01-07T22:55:46.806+01:00  INFO 27848 --- [main] com.zaxxer.hikari.pool.HikariPool        : HikariPool-1 - Added connection org.postgresql.jdbc.PgConnection@4ffa078d
2025-01-07T22:55:46.806+01:00  INFO 27848 --- [main] com.zaxxer.hikari.HikariDataSource       : HikariPool-1 - Start completed.
2025-01-07T22:55:47.329+01:00  INFO 27848 --- [main] o.h.e.t.j.p.i.JtaPlatformInitiator       : HHH000489: No JTA platform available (set 'hibernate.transaction.jta.platform' to enable JTA platform integration)
2025-01-07T22:55:47.458+01:00  INFO 27848 --- [main] j.LocalContainerEntityManagerFactoryBean : Initialized JPA EntityManagerFactory for persistence unit 'default'
2025-01-07T22:55:47.620+01:00  INFO 27848 --- [main] o.s.d.j.r.query.QueryEnhancerFactory     : Hibernate is in classpath; If applicable, HQL parser will be used.
2025-01-07T22:55:47.925+01:00  WARN 27848 --- [main] JpaBaseConfiguration$JpaWebConfiguration : spring.jpa.open-in-view is enabled by default. Therefore, database queries may be performed during view rendering. Explicitly configure spring.jpa.open-in-view to disable this warning
2025-01-07T22:55:48.116+01:00  INFO 27848 --- [main] o.s.b.a.e.web.EndpointLinksResolver      : Exposing 14 endpoint(s) beneath base path '/actuator'
2025-01-07T22:55:48.145+01:00  INFO 27848 --- [main] o.s.s.web.DefaultSecurityFilterChain     : Will secure any request with [org.springframework.security.web.session.DisableEncodeUrlFilter@3b07b706, org.springframework.security.web.context.request.async.WebAsyncManagerIntegrationFilter@3b76dfa6, org.springframework.security.web.context.SecurityContextHolderFilter@1a288163, org.springframework.security.web.header.HeaderWriterFilter@2bfe9344, org.springframework.web.filter.CorsFilter@7b4185ea, org.springframework.security.web.authentication.logout.LogoutFilter@75f5293c, com.library.demo.config.JwtAuthFilter$$SpringCGLIB$$0@60580e42, org.springframework.security.web.savedrequest.RequestCacheAwareFilter@4d3946b6, org.springframework.security.web.servletapi.SecurityContextHolderAwareRequestFilter@330a6b76, org.springframework.security.web.authentication.AnonymousAuthenticationFilter@196bc2c1, org.springframework.security.web.session.SessionManagementFilter@2c635953, org.springframework.security.web.access.ExceptionTranslationFilter@c4ef770, org.springframework.security.web.access.intercept.AuthorizationFilter@66ade539]
2025-01-07T22:55:48.342+01:00  INFO 27848 --- [main] o.s.b.w.embedded.tomcat.TomcatWebServer  : Tomcat started on port 8081 (http) with context path '/api'
2025-01-07T22:55:48.352+01:00  INFO 27848 --- [main] com.library.demo.LibraryApplication      : Started LibraryApplication in 3.005 seconds (process running for 3.191)
